2025-05-06 23:58:44,811 - INFO: Started logging
2025-05-06 23:58:44,811 - INFO: Initialized screen dimensions
2025-05-06 23:58:44,811 - INFO: Initialized colors
2025-05-06 23:58:44,811 - INFO: Initialized game constants
2025-05-06 23:58:45,715 - INFO: Initialized pygame successful
2025-05-06 23:58:45,821 - INFO: Loaded textures
2025-05-06 23:58:45,856 - INFO: Set screen dimensions
2025-05-06 23:58:45,856 - INFO: Set window caption
2025-05-06 23:58:45,856 - INFO: Set window icon
2025-05-06 23:58:45,856 - INFO: Initialized clock
2025-05-06 23:58:45,856 - INFO: Set font
2025-05-06 23:58:45,871 - INFO: Validating resources...
2025-05-06 23:58:45,872 - INFO: All resources validated successfully.
2025-05-06 23:58:45,872 - INFO: Difficulty level set to: normal
2025-05-06 23:58:45,873 - INFO: Running the game at 60 FPS
2025-05-06 23:58:45,873 - INFO: Starting the game...
2025-05-06 23:58:45,889 - INFO: Initialized dino
2025-05-06 23:58:45,890 - INFO: Loaded all accounts
2025-05-06 23:58:45,991 - INFO: Prepared game
2025-05-06 23:58:47,763 - INFO: Exit
2025-05-06 23:59:48,520 - INFO: Started logging
2025-05-06 23:59:48,520 - INFO: Initialized screen dimensions
2025-05-06 23:59:48,520 - INFO: Initialized colors
2025-05-06 23:59:48,520 - INFO: Initialized game constants
2025-05-06 23:59:49,353 - INFO: Initialized pygame successful
2025-05-06 23:59:49,461 - INFO: Loaded textures
2025-05-06 23:59:49,578 - INFO: Set screen dimensions
2025-05-06 23:59:49,578 - INFO: Set window caption
2025-05-06 23:59:49,578 - INFO: Set window icon
2025-05-06 23:59:49,578 - INFO: Initialized clock
2025-05-06 23:59:49,579 - INFO: Set font
2025-05-06 23:59:49,592 - INFO: Validating resources...
2025-05-06 23:59:49,593 - INFO: All resources validated successfully.
2025-05-06 23:59:49,594 - INFO: Difficulty level set to: normal
2025-05-06 23:59:49,594 - INFO: Running the game at 60 FPS
2025-05-06 23:59:49,594 - INFO: Starting the game...
2025-05-06 23:59:49,610 - INFO: Initialized dino
2025-05-06 23:59:49,611 - INFO: Loaded all accounts
2025-05-06 23:59:49,712 - INFO: Prepared game
2025-05-06 23:59:53,295 - INFO: Got username: Lars
2025-05-06 23:59:54,818 - INFO: Got password: ABC
2025-05-06 23:59:54,818 - INFO: Loaded highscore (15800) for user (Lars) out of storage
2025-05-06 23:59:54,818 - INFO: Started game
2025-05-06 23:59:58,174 - INFO: Score: 100
2025-05-07 00:00:00,612 - INFO: Score: 200
2025-05-07 00:00:02,374 - INFO: Score: 300
2025-05-07 00:00:04,290 - INFO: Score: 400
2025-05-07 00:00:06,386 - INFO: Score: 500
2025-05-07 00:00:08,453 - INFO: Score: 600
2025-05-07 00:00:09,854 - INFO: Score: 700
2025-05-07 00:00:11,634 - INFO: Score: 800
2025-05-07 00:00:13,094 - INFO: Score: 900
2025-05-07 00:00:14,998 - INFO: Score: 1000
2025-05-07 00:00:16,940 - INFO: Score: 1100
2025-05-07 00:00:18,710 - INFO: Score: 1200
2025-05-07 00:00:20,560 - INFO: Dino collided
2025-05-07 00:00:20,577 - INFO: Dino collided
2025-05-07 00:00:20,594 - INFO: Dino collided
2025-05-07 00:00:20,611 - INFO: Score: 1300
2025-05-07 00:00:22,267 - INFO: Score: 1400
2025-05-07 00:00:23,668 - INFO: Score: 1500
2025-05-07 00:00:25,463 - INFO: Score: 1600
2025-05-07 00:00:27,017 - INFO: Score: 1700
2025-05-07 00:00:28,248 - INFO: Score: 1800
2025-05-07 00:00:29,516 - INFO: Score: 1900
2025-05-07 00:00:31,242 - INFO: Score: 2000
2025-05-07 00:00:32,605 - INFO: Score: 2100
2025-05-07 00:00:33,686 - INFO: Score: 2200
2025-05-07 00:00:34,850 - INFO: Score: 2300
2025-05-07 00:00:36,197 - INFO: Score: 2400
2025-05-07 00:00:37,343 - INFO: Score: 2500
2025-05-07 00:00:38,525 - INFO: Score: 2600
2025-05-07 00:00:39,669 - INFO: Score: 2700
2025-05-07 00:00:40,880 - INFO: Score: 2800
2025-05-07 00:00:42,219 - INFO: Score: 2900
2025-05-07 00:00:43,368 - INFO: Score: 3000
2025-05-07 00:00:44,554 - INFO: Score: 3100
2025-05-07 00:00:45,847 - INFO: Score: 3200
2025-05-07 00:00:47,213 - INFO: Score: 3300
2025-05-07 00:00:48,521 - INFO: Score: 3400
2025-05-07 00:00:49,983 - INFO: Score: 3500
2025-05-07 00:00:51,178 - INFO: Score: 3600
2025-05-07 00:00:52,579 - INFO: Score: 3700
2025-05-07 00:00:53,819 - INFO: Score: 3800
2025-05-07 00:00:55,063 - INFO: Score: 3900
2025-05-07 00:00:56,168 - INFO: Score: 4000
2025-05-07 00:00:57,502 - INFO: Score: 4100
2025-05-07 00:00:58,547 - INFO: Score: 4200
2025-05-07 00:00:59,580 - INFO: Score: 4300
2025-05-07 00:01:00,796 - INFO: Score: 4400
2025-05-07 00:01:01,763 - INFO: Score: 4500
2025-05-07 00:01:02,719 - INFO: Score: 4600
2025-05-07 00:01:03,957 - INFO: Score: 4700
2025-05-07 00:01:05,044 - INFO: Score: 4800
2025-05-07 00:01:05,975 - INFO: Score: 4900
2025-05-07 00:01:07,204 - INFO: Score: 5000
2025-05-07 00:01:08,036 - INFO: Score: 5100
2025-05-07 00:01:09,121 - INFO: Score: 5200
2025-05-07 00:01:10,429 - INFO: Score: 5300
2025-05-07 00:01:11,313 - INFO: Score: 5400
2025-05-07 00:01:12,609 - INFO: Score: 5500
2025-05-07 00:01:13,721 - INFO: Score: 5600
2025-05-07 00:01:14,628 - INFO: Score: 5700
2025-05-07 00:01:15,557 - INFO: Score: 5800
2025-05-07 00:01:16,385 - INFO: Score: 5900
2025-05-07 00:01:17,800 - INFO: Score: 6000
2025-05-07 00:01:18,894 - INFO: Score: 6100
2025-05-07 00:01:20,020 - INFO: Score: 6200
2025-05-07 00:01:20,828 - INFO: Score: 6300
2025-05-07 00:01:22,324 - INFO: Score: 6400
2025-05-07 00:01:23,212 - INFO: Score: 6500
2025-05-07 00:01:24,617 - INFO: Score: 6600
2025-05-07 00:01:25,440 - INFO: Score: 6700
2025-05-07 00:01:26,540 - INFO: Score: 6800
2025-05-07 00:01:27,463 - INFO: Dino collided
2025-05-07 00:01:27,480 - INFO: Dino collided
2025-05-07 00:01:27,497 - INFO: Dino collided
2025-05-07 00:01:27,515 - INFO: Dino collided
2025-05-07 00:01:27,532 - INFO: Dino collided
2025-05-07 00:01:27,549 - INFO: Dino collided
2025-05-07 00:01:27,566 - INFO: Dino collided
2025-05-07 00:01:27,583 - INFO: Dino collided
2025-05-07 00:01:27,600 - INFO: Dino collided
2025-05-07 00:01:27,618 - INFO: Dino collided
2025-05-07 00:01:27,636 - INFO: Score: 6900
2025-05-07 00:01:28,487 - INFO: Score: 7000
2025-05-07 00:01:29,466 - INFO: Dino collided
2025-05-07 00:01:29,484 - INFO: Dino collided
2025-05-07 00:01:29,502 - INFO: Dino collided
2025-05-07 00:01:29,520 - INFO: Dino collided
2025-05-07 00:01:29,537 - INFO: Dino collided
2025-05-07 00:01:29,555 - INFO: Dino collided
2025-05-07 00:01:29,572 - INFO: Dino collided
2025-05-07 00:01:29,590 - INFO: Dino collided
2025-05-07 00:01:29,607 - INFO: Dino collided
2025-05-07 00:01:29,625 - INFO: Score: 7100
2025-05-07 00:01:30,640 - INFO: Dino collided
2025-05-07 00:01:30,658 - INFO: Dino collided
2025-05-07 00:01:30,675 - INFO: Dino collided
2025-05-07 00:01:30,693 - INFO: Dino collided
2025-05-07 00:01:30,710 - INFO: Dino collided
2025-05-07 00:01:30,727 - INFO: Dino collided
2025-05-07 00:01:30,744 - INFO: Dino collided
2025-05-07 00:01:30,761 - INFO: Dino collided
2025-05-07 00:01:30,779 - INFO: Dino collided
2025-05-07 00:01:30,796 - INFO: Dino collided
2025-05-07 00:01:30,813 - INFO: Score: 7200
2025-05-07 00:01:31,596 - INFO: Score: 7300
2025-05-07 00:01:32,698 - INFO: Dino collided
2025-05-07 00:01:32,715 - INFO: Dino collided
2025-05-07 00:01:32,733 - INFO: Dino collided
2025-05-07 00:01:32,750 - INFO: Dino collided
2025-05-07 00:01:32,767 - INFO: Dino collided
2025-05-07 00:01:32,784 - INFO: Dino collided
2025-05-07 00:01:32,801 - INFO: Dino collided
2025-05-07 00:01:32,818 - INFO: Dino collided
2025-05-07 00:01:32,836 - INFO: Dino collided
2025-05-07 00:01:32,853 - INFO: Dino collided
2025-05-07 00:01:32,871 - INFO: Score: 7400
2025-05-07 00:01:33,661 - INFO: Dino collided
2025-05-07 00:01:33,678 - INFO: Dino collided
2025-05-07 00:01:33,696 - INFO: Dino collided
2025-05-07 00:01:33,713 - INFO: Dino collided
2025-05-07 00:01:33,730 - INFO: Dino collided
2025-05-07 00:01:33,749 - INFO: Dino collided
2025-05-07 00:01:33,766 - INFO: Dino collided
2025-05-07 00:01:33,783 - INFO: Dino collided
2025-05-07 00:01:33,800 - INFO: Dino collided
2025-05-07 00:01:33,819 - INFO: Dino collided
2025-05-07 00:01:33,836 - INFO: Score: 7500
2025-05-07 00:01:34,626 - INFO: Dino collided
2025-05-07 00:01:34,643 - INFO: Dino collided
2025-05-07 00:01:34,660 - INFO: Dino collided
2025-05-07 00:01:34,677 - INFO: Dino collided
2025-05-07 00:01:34,694 - INFO: Dino collided
2025-05-07 00:01:34,712 - INFO: Dino collided
2025-05-07 00:01:34,728 - INFO: Dino collided
2025-05-07 00:01:34,745 - INFO: Dino collided
2025-05-07 00:01:34,762 - INFO: Dino collided
2025-05-07 00:01:34,779 - INFO: Dino collided
2025-05-07 00:01:34,796 - INFO: Score: 7600
2025-05-07 00:01:35,615 - INFO: Score: 7700
2025-05-07 00:01:36,679 - INFO: Score: 7800
2025-05-07 00:01:37,773 - INFO: Score: 7900
2025-05-07 00:01:38,379 - INFO: Paused
2025-05-07 00:01:45,235 - INFO: No new highscore: user: Lars
2025-05-07 00:01:45,252 - INFO: Initialized dino
2025-05-07 00:01:45,253 - INFO: Game was reset and prepared
2025-05-07 00:01:45,253 - INFO: Reset Score
2025-05-07 00:01:48,234 - INFO: Paused
2025-05-07 00:01:49,322 - INFO: No new highscore: user: Lars
2025-05-07 00:01:49,322 - INFO: Exit
2025-05-07 00:02:39,631 - INFO: Started logging
2025-05-07 00:02:39,631 - INFO: Initialized screen dimensions
2025-05-07 00:02:39,631 - INFO: Initialized colors
2025-05-07 00:02:39,631 - INFO: Initialized game constants
2025-05-07 00:02:40,448 - INFO: Initialized pygame successful
2025-05-07 00:02:40,556 - INFO: Loaded textures
2025-05-07 00:02:40,590 - INFO: Set screen dimensions
2025-05-07 00:02:40,590 - INFO: Set window caption
2025-05-07 00:02:40,590 - INFO: Set window icon
2025-05-07 00:02:40,590 - INFO: Initialized clock
2025-05-07 00:02:40,591 - INFO: Set font
2025-05-07 00:02:40,603 - INFO: Validating resources...
2025-05-07 00:02:40,605 - INFO: All resources validated successfully.
2025-05-07 00:02:40,605 - INFO: Difficulty level set to: normal
2025-05-07 00:02:40,605 - INFO: Running the game at 60 FPS
2025-05-07 00:02:40,605 - INFO: Starting the game...
2025-05-07 00:02:40,622 - INFO: Initialized dino
2025-05-07 00:02:40,623 - INFO: Loaded all accounts
2025-05-07 00:02:40,724 - INFO: Prepared game
2025-05-07 00:02:41,981 - INFO: Got username: a
2025-05-07 00:02:42,241 - INFO: Got password: a
2025-05-07 00:02:42,241 - INFO: Loaded highscore (650000000) for user (a) out of storage
2025-05-07 00:02:42,241 - INFO: Started game
2025-05-07 00:02:45,994 - INFO: Score: 100
2025-05-07 00:02:47,828 - INFO: Score: 200
2025-05-07 00:02:49,465 - INFO: Score: 300
2025-05-07 00:02:51,300 - INFO: Score: 400
2025-05-07 00:02:52,764 - INFO: Score: 500
2025-05-07 00:02:54,752 - INFO: Score: 600
2025-05-07 00:02:56,153 - INFO: Dino collided
2025-05-07 00:02:56,236 - INFO: Score: 700
2025-05-07 00:02:57,953 - INFO: Score: 800
2025-05-07 00:02:59,723 - INFO: Score: 900
2025-05-07 00:03:01,339 - INFO: No new highscore: user: a
2025-05-07 00:03:01,339 - INFO: Exit
2025-05-07 00:03:09,898 - INFO: Started logging
2025-05-07 00:03:09,898 - INFO: Initialized screen dimensions
2025-05-07 00:03:09,898 - INFO: Initialized colors
2025-05-07 00:03:09,898 - INFO: Initialized game constants
2025-05-07 00:03:10,718 - INFO: Initialized pygame successful
2025-05-07 00:03:10,828 - INFO: Loaded textures
2025-05-07 00:03:10,953 - INFO: Set screen dimensions
2025-05-07 00:03:10,953 - INFO: Set window caption
2025-05-07 00:03:10,953 - INFO: Set window icon
2025-05-07 00:03:10,953 - INFO: Initialized clock
2025-05-07 00:03:10,954 - INFO: Set font
2025-05-07 00:03:10,974 - INFO: Validating resources...
2025-05-07 00:03:10,976 - INFO: All resources validated successfully.
2025-05-07 00:03:10,976 - INFO: Difficulty level set to: normal
2025-05-07 00:03:10,976 - INFO: Running the game at 60 FPS
2025-05-07 00:03:10,976 - INFO: Starting the game...
2025-05-07 00:03:10,993 - INFO: Initialized dino
2025-05-07 00:03:10,994 - INFO: Loaded all accounts
2025-05-07 00:03:11,095 - INFO: Prepared game
2025-05-07 00:03:11,917 - INFO: Got username: a
2025-05-07 00:03:12,149 - INFO: Got password: a
2025-05-07 00:03:12,149 - INFO: Loaded highscore (650000000) for user (a) out of storage
2025-05-07 00:03:12,149 - INFO: Started game
2025-05-07 00:03:14,935 - INFO: Dino collided
2025-05-07 00:03:14,952 - INFO: Dino collided
2025-05-07 00:03:14,969 - INFO: Dino collided
2025-05-07 00:03:14,985 - INFO: Dino collided
2025-05-07 00:03:15,001 - INFO: Dino collided
2025-05-07 00:03:15,017 - INFO: Dino collided
2025-05-07 00:03:15,033 - INFO: Dino collided
2025-05-07 00:03:15,051 - INFO: Dino collided
2025-05-07 00:03:15,067 - INFO: Dino collided
2025-05-07 00:03:15,083 - INFO: Dino collided
2025-05-07 00:03:15,100 - INFO: Dino collided
2025-05-07 00:03:15,297 - INFO: Score: 100
2025-05-07 00:03:17,408 - INFO: Dino collided
2025-05-07 00:03:17,424 - INFO: Dino collided
2025-05-07 00:03:17,441 - INFO: Dino collided
2025-05-07 00:03:17,457 - INFO: Score: 200
2025-05-07 00:03:19,045 - INFO: Score: 300
2025-05-07 00:03:20,936 - INFO: Dino collided
2025-05-07 00:03:20,952 - INFO: Dino collided
2025-05-07 00:03:20,968 - INFO: Dino collided
2025-05-07 00:03:20,985 - INFO: Dino collided
2025-05-07 00:03:21,002 - INFO: Dino collided
2025-05-07 00:03:21,018 - INFO: Dino collided
2025-05-07 00:03:21,036 - INFO: Dino collided
2025-05-07 00:03:21,052 - INFO: Dino collided
2025-05-07 00:03:21,068 - INFO: Dino collided
2025-05-07 00:03:21,085 - INFO: Dino collided
2025-05-07 00:03:21,101 - INFO: Dino collided
2025-05-07 00:03:21,117 - INFO: Dino collided
2025-05-07 00:03:21,133 - INFO: Score: 400
2025-05-07 00:03:22,502 - INFO: Dino collided
2025-05-07 00:03:22,519 - INFO: Dino collided
2025-05-07 00:03:22,536 - INFO: Dino collided
2025-05-07 00:03:22,552 - INFO: Dino collided
2025-05-07 00:03:22,568 - INFO: Dino collided
2025-05-07 00:03:22,585 - INFO: Dino collided
2025-05-07 00:03:22,601 - INFO: Dino collided
2025-05-07 00:03:22,618 - INFO: Dino collided
2025-05-07 00:03:22,634 - INFO: Dino collided
2025-05-07 00:03:22,650 - INFO: Dino collided
2025-05-07 00:03:22,667 - INFO: Dino collided
2025-05-07 00:03:22,683 - INFO: Dino collided
2025-05-07 00:03:22,699 - INFO: Dino collided
2025-05-07 00:03:22,715 - INFO: Dino collided
2025-05-07 00:03:22,731 - INFO: Dino collided
2025-05-07 00:03:22,747 - INFO: Dino collided
2025-05-07 00:03:22,763 - INFO: Dino collided
2025-05-07 00:03:22,780 - INFO: Dino collided
2025-05-07 00:03:22,797 - INFO: Dino collided
2025-05-07 00:03:22,813 - INFO: Score: 500
2025-05-07 00:03:24,218 - INFO: Score: 600
2025-05-07 00:03:25,828 - INFO: Score: 700
2025-05-07 00:03:27,060 - INFO: Dino collided
2025-05-07 00:03:27,077 - INFO: Dino collided
2025-05-07 00:03:27,093 - INFO: Dino collided
2025-05-07 00:03:27,109 - INFO: Dino collided
2025-05-07 00:03:27,125 - INFO: Dino collided
2025-05-07 00:03:27,374 - INFO: Score: 800
2025-05-07 00:03:29,180 - INFO: Score: 900
2025-05-07 00:03:30,274 - INFO: Dino collided
2025-05-07 00:03:30,291 - INFO: Dino collided
2025-05-07 00:03:30,307 - INFO: Dino collided
2025-05-07 00:03:30,323 - INFO: Dino collided
2025-05-07 00:03:30,339 - INFO: Dino collided
2025-05-07 00:03:30,355 - INFO: Dino collided
2025-05-07 00:03:30,372 - INFO: Dino collided
2025-05-07 00:03:30,388 - INFO: Dino collided
2025-05-07 00:03:30,404 - INFO: Dino collided
2025-05-07 00:03:30,421 - INFO: Dino collided
2025-05-07 00:03:30,437 - INFO: Dino collided
2025-05-07 00:03:30,453 - INFO: Dino collided
2025-05-07 00:03:30,469 - INFO: Dino collided
2025-05-07 00:03:30,486 - INFO: Dino collided
2025-05-07 00:03:30,502 - INFO: Score: 1000
2025-05-07 00:03:32,525 - INFO: Score: 1100
2025-05-07 00:03:34,209 - INFO: Score: 1200
2025-05-07 00:03:35,265 - INFO: Dino collided
2025-05-07 00:03:35,281 - INFO: Dino collided
2025-05-07 00:03:35,298 - INFO: Dino collided
2025-05-07 00:03:35,313 - INFO: Dino collided
2025-05-07 00:03:35,330 - INFO: Dino collided
2025-05-07 00:03:35,346 - INFO: Dino collided
2025-05-07 00:03:35,362 - INFO: Dino collided
2025-05-07 00:03:35,378 - INFO: Dino collided
2025-05-07 00:03:35,394 - INFO: Dino collided
2025-05-07 00:03:35,410 - INFO: Dino collided
2025-05-07 00:03:35,427 - INFO: Dino collided
2025-05-07 00:03:35,444 - INFO: Dino collided
2025-05-07 00:03:35,460 - INFO: Dino collided
2025-05-07 00:03:35,476 - INFO: Dino collided
2025-05-07 00:03:35,492 - INFO: Score: 1300
2025-05-07 00:03:36,763 - INFO: Score: 1400
2025-05-07 00:03:38,265 - INFO: Score: 1500
2025-05-07 00:03:40,099 - INFO: Score: 1600
2025-05-07 00:03:41,325 - INFO: Score: 1700
2025-05-07 00:03:42,732 - INFO: Dino collided
2025-05-07 00:03:42,749 - INFO: Dino collided
2025-05-07 00:03:42,766 - INFO: Dino collided
2025-05-07 00:03:42,782 - INFO: Dino collided
2025-05-07 00:03:42,798 - INFO: Dino collided
2025-05-07 00:03:42,815 - INFO: Dino collided
2025-05-07 00:03:42,832 - INFO: Dino collided
2025-05-07 00:03:42,848 - INFO: Dino collided
2025-05-07 00:03:42,864 - INFO: Dino collided
2025-05-07 00:03:42,880 - INFO: Dino collided
2025-05-07 00:03:42,896 - INFO: Score: 1800
2025-05-07 00:03:44,039 - INFO: Dino collided
2025-05-07 00:03:44,056 - INFO: Dino collided
2025-05-07 00:03:44,074 - INFO: Dino collided
2025-05-07 00:03:44,090 - INFO: Dino collided
2025-05-07 00:03:44,106 - INFO: Dino collided
2025-05-07 00:03:44,123 - INFO: Dino collided
2025-05-07 00:03:44,140 - INFO: Dino collided
2025-05-07 00:03:44,156 - INFO: Dino collided
2025-05-07 00:03:44,173 - INFO: Dino collided
2025-05-07 00:03:44,190 - INFO: Dino collided
2025-05-07 00:03:44,207 - INFO: Dino collided
2025-05-07 00:03:44,223 - INFO: Dino collided
2025-05-07 00:03:44,239 - INFO: Dino collided
2025-05-07 00:03:44,256 - INFO: Dino collided
2025-05-07 00:03:44,272 - INFO: Dino collided
2025-05-07 00:03:44,289 - INFO: Score: 1900
2025-05-07 00:03:45,763 - INFO: Dino collided
2025-05-07 00:03:45,779 - INFO: Dino collided
2025-05-07 00:03:45,795 - INFO: Dino collided
2025-05-07 00:03:45,812 - INFO: Dino collided
2025-05-07 00:03:45,828 - INFO: Dino collided
2025-05-07 00:03:45,845 - INFO: Dino collided
2025-05-07 00:03:45,861 - INFO: Dino collided
2025-05-07 00:03:45,878 - INFO: Dino collided
2025-05-07 00:03:45,894 - INFO: Dino collided
2025-05-07 00:03:45,910 - INFO: Dino collided
2025-05-07 00:03:45,926 - INFO: Dino collided
2025-05-07 00:03:45,942 - INFO: Dino collided
2025-05-07 00:03:45,958 - INFO: Dino collided
2025-05-07 00:03:45,975 - INFO: Dino collided
2025-05-07 00:03:45,991 - INFO: Dino collided
2025-05-07 00:03:46,008 - INFO: Dino collided
2025-05-07 00:03:46,024 - INFO: Score: 2000
2025-05-07 00:03:47,510 - INFO: Dino collided
2025-05-07 00:03:47,526 - INFO: Score: 2100
2025-05-07 00:03:48,788 - INFO: Dino collided
2025-05-07 00:03:48,804 - INFO: Dino collided
2025-05-07 00:03:48,820 - INFO: Dino collided
2025-05-07 00:03:48,836 - INFO: Dino collided
2025-05-07 00:03:48,853 - INFO: Dino collided
2025-05-07 00:03:48,870 - INFO: Dino collided
2025-05-07 00:03:48,886 - INFO: Dino collided
2025-05-07 00:03:48,902 - INFO: Dino collided
2025-05-07 00:03:48,918 - INFO: Dino collided
2025-05-07 00:03:48,935 - INFO: Dino collided
2025-05-07 00:03:48,952 - INFO: Dino collided
2025-05-07 00:03:48,967 - INFO: Dino collided
2025-05-07 00:03:48,983 - INFO: Dino collided
2025-05-07 00:03:49,000 - INFO: Dino collided
2025-05-07 00:03:49,017 - INFO: Dino collided
2025-05-07 00:03:49,033 - INFO: Dino collided
2025-05-07 00:03:49,050 - INFO: Score: 2200
2025-05-07 00:03:49,168 - INFO: No new highscore: user: a
2025-05-07 00:03:49,168 - INFO: Exit
